cl : command line warning D9035: option 'Gm' has been deprecated and will be removed in a future release
  TrainingFramework.cpp
  GSPlay.cpp
D:\Tài liệu\Đại học\20192\Thực tập Gameloft\Programming_anim\TrainingFramework\src\GameStates\GSPlay.cpp(35,60): warning C4244: 'argument': conversion from 'int' to 'GLfloat', possible loss of data
D:\Tài liệu\Đại học\20192\Thực tập Gameloft\Programming_anim\TrainingFramework\src\GameStates\GSPlay.cpp(35,42): warning C4244: 'argument': conversion from 'int' to 'GLfloat', possible loss of data
D:\Tài liệu\Đại học\20192\Thực tập Gameloft\Programming_anim\TrainingFramework\src\GameStates\GSPlay.cpp(42,36): warning C4244: 'argument': conversion from 'int' to 'GLfloat', possible loss of data
C:\Program Files (x86)\Microsoft Visual Studio\2019\Enterprise\VC\Tools\MSVC\14.25.28610\include\xmemory(204,33): warning C4244: 'argument': conversion from '_Ty' to 'float', possible loss of data
          with
          [
              _Ty=double
          ]
C:\Program Files (x86)\Microsoft Visual Studio\2019\Enterprise\VC\Tools\MSVC\14.25.28610\include\memory(1486): message : see reference to function template instantiation 'void std::_Construct_in_place<_Ty,std::shared_ptr<Shaders>&,std::shared_ptr<Font>&,const char(&)[11],TEXT_COLOR,double>(_Ty &,std::shared_ptr<Shaders> &,std::shared_ptr<Font> &,const char (&)[11],TEXT_COLOR &&,double &&) noexcept(false)' being compiled
          with
          [
              _Ty=Text
          ]
C:\Program Files (x86)\Microsoft Visual Studio\2019\Enterprise\VC\Tools\MSVC\14.25.28610\include\memory(1584): message : see reference to function template instantiation 'std::_Ref_count_obj2<_Ty>::_Ref_count_obj2<std::shared_ptr<Shaders>&,std::shared_ptr<Font>&,const char(&)[11],TEXT_COLOR,double>(std::shared_ptr<Shaders> &,std::shared_ptr<Font> &,const char (&)[11],TEXT_COLOR &&,double &&)' being compiled
          with
          [
              _Ty=Text
          ]
C:\Program Files (x86)\Microsoft Visual Studio\2019\Enterprise\VC\Tools\MSVC\14.25.28610\include\memory(1584): message : see reference to function template instantiation 'std::_Ref_count_obj2<_Ty>::_Ref_count_obj2<std::shared_ptr<Shaders>&,std::shared_ptr<Font>&,const char(&)[11],TEXT_COLOR,double>(std::shared_ptr<Shaders> &,std::shared_ptr<Font> &,const char (&)[11],TEXT_COLOR &&,double &&)' being compiled
          with
          [
              _Ty=Text
          ]
D:\Tài liệu\Đại học\20192\Thực tập Gameloft\Programming_anim\TrainingFramework\src\GameStates\GSPlay.cpp(52): message : see reference to function template instantiation 'std::shared_ptr<Text> std::make_shared<Text,std::shared_ptr<Shaders>&,std::shared_ptr<Font>&,const char(&)[11],TEXT_COLOR,double>(std::shared_ptr<Shaders> &,std::shared_ptr<Font> &,const char (&)[11],TEXT_COLOR &&,double &&)' being compiled
  GSMenu.cpp
D:\Tài liệu\Đại học\20192\Thực tập Gameloft\Programming_anim\TrainingFramework\src\GameStates\GSMenu.cpp(26,60): warning C4244: 'argument': conversion from 'int' to 'GLfloat', possible loss of data
D:\Tài liệu\Đại học\20192\Thực tập Gameloft\Programming_anim\TrainingFramework\src\GameStates\GSMenu.cpp(26,42): warning C4244: 'argument': conversion from 'int' to 'GLfloat', possible loss of data
D:\Tài liệu\Đại học\20192\Thực tập Gameloft\Programming_anim\TrainingFramework\src\GameStates\GSMenu.cpp(32,36): warning C4244: 'argument': conversion from 'int' to 'GLfloat', possible loss of data
D:\Tài liệu\Đại học\20192\Thực tập Gameloft\Programming_anim\TrainingFramework\src\GameStates\GSMenu.cpp(42,36): warning C4244: 'argument': conversion from 'int' to 'GLfloat', possible loss of data
D:\Tài liệu\Đại học\20192\Thực tập Gameloft\Programming_anim\TrainingFramework\src\GameStates\GSMenu.cpp(52,36): warning C4244: 'argument': conversion from 'int' to 'GLfloat', possible loss of data
D:\Tài liệu\Đại học\20192\Thực tập Gameloft\Programming_anim\TrainingFramework\src\GameStates\GSMenu.cpp(62,36): warning C4244: 'argument': conversion from 'int' to 'GLfloat', possible loss of data
D:\Tài liệu\Đại học\20192\Thực tập Gameloft\Programming_anim\TrainingFramework\src\GameStates\GSMenu.cpp(74,57): warning C4244: 'argument': conversion from 'int' to 'GLfloat', possible loss of data
C:\Program Files (x86)\Microsoft Visual Studio\2019\Enterprise\VC\Tools\MSVC\14.25.28610\include\xmemory(204,33): warning C4244: 'argument': conversion from '_Ty' to 'float', possible loss of data
          with
          [
              _Ty=double
          ]
C:\Program Files (x86)\Microsoft Visual Studio\2019\Enterprise\VC\Tools\MSVC\14.25.28610\include\memory(1486): message : see reference to function template instantiation 'void std::_Construct_in_place<_Ty,std::shared_ptr<Shaders>&,std::shared_ptr<Font>&,const char(&)[13],TEXT_COLOR,double>(_Ty &,std::shared_ptr<Shaders> &,std::shared_ptr<Font> &,const char (&)[13],TEXT_COLOR &&,double &&) noexcept(false)' being compiled
          with
          [
              _Ty=Text
          ]
C:\Program Files (x86)\Microsoft Visual Studio\2019\Enterprise\VC\Tools\MSVC\14.25.28610\include\memory(1584): message : see reference to function template instantiation 'std::_Ref_count_obj2<_Ty>::_Ref_count_obj2<std::shared_ptr<Shaders>&,std::shared_ptr<Font>&,const char(&)[13],TEXT_COLOR,double>(std::shared_ptr<Shaders> &,std::shared_ptr<Font> &,const char (&)[13],TEXT_COLOR &&,double &&)' being compiled
          with
          [
              _Ty=Text
          ]
C:\Program Files (x86)\Microsoft Visual Studio\2019\Enterprise\VC\Tools\MSVC\14.25.28610\include\memory(1584): message : see reference to function template instantiation 'std::_Ref_count_obj2<_Ty>::_Ref_count_obj2<std::shared_ptr<Shaders>&,std::shared_ptr<Font>&,const char(&)[13],TEXT_COLOR,double>(std::shared_ptr<Shaders> &,std::shared_ptr<Font> &,const char (&)[13],TEXT_COLOR &&,double &&)' being compiled
          with
          [
              _Ty=Text
          ]
D:\Tài liệu\Đại học\20192\Thực tập Gameloft\Programming_anim\TrainingFramework\src\GameStates\GSMenu.cpp(73): message : see reference to function template instantiation 'std::shared_ptr<Text> std::make_shared<Text,std::shared_ptr<Shaders>&,std::shared_ptr<Font>&,const char(&)[13],TEXT_COLOR,double>(std::shared_ptr<Shaders> &,std::shared_ptr<Font> &,const char (&)[13],TEXT_COLOR &&,double &&)' being compiled
  GSIntro.cpp
D:\Tài liệu\Đại học\20192\Thực tập Gameloft\Programming_anim\TrainingFramework\src\GameStates\GSIntro.cpp(31,54): warning C4244: 'argument': conversion from 'int' to 'GLfloat', possible loss of data
D:\Tài liệu\Đại học\20192\Thực tập Gameloft\Programming_anim\TrainingFramework\src\GameStates\GSIntro.cpp(31,36): warning C4244: 'argument': conversion from 'int' to 'GLfloat', possible loss of data
D:\Tài liệu\Đại học\20192\Thực tập Gameloft\Programming_anim\TrainingFramework\src\GameStates\GSIntro.cpp(36,34): warning C4244: 'argument': conversion from 'int' to 'GLfloat', possible loss of data
  GSCredit.cpp
D:\Tài liệu\Đại học\20192\Thực tập Gameloft\Programming_anim\TrainingFramework\src\GameStates\GSCredit.cpp(35,60): warning C4244: 'argument': conversion from 'int' to 'GLfloat', possible loss of data
D:\Tài liệu\Đại học\20192\Thực tập Gameloft\Programming_anim\TrainingFramework\src\GameStates\GSCredit.cpp(35,42): warning C4244: 'argument': conversion from 'int' to 'GLfloat', possible loss of data
D:\Tài liệu\Đại học\20192\Thực tập Gameloft\Programming_anim\TrainingFramework\src\GameStates\GSCredit.cpp(42,36): warning C4244: 'argument': conversion from 'int' to 'GLfloat', possible loss of data
C:\Program Files (x86)\Microsoft Visual Studio\2019\Enterprise\VC\Tools\MSVC\14.25.28610\include\xmemory(204,33): warning C4244: 'argument': conversion from '_Ty' to 'float', possible loss of data
          with
          [
              _Ty=double
          ]
C:\Program Files (x86)\Microsoft Visual Studio\2019\Enterprise\VC\Tools\MSVC\14.25.28610\include\memory(1486): message : see reference to function template instantiation 'void std::_Construct_in_place<_Ty,std::shared_ptr<Shaders>&,std::shared_ptr<Font>&,const char(&)[32],TEXT_COLOR,double>(_Ty &,std::shared_ptr<Shaders> &,std::shared_ptr<Font> &,const char (&)[32],TEXT_COLOR &&,double &&) noexcept(false)' being compiled
          with
          [
              _Ty=Text
          ]
C:\Program Files (x86)\Microsoft Visual Studio\2019\Enterprise\VC\Tools\MSVC\14.25.28610\include\memory(1584): message : see reference to function template instantiation 'std::_Ref_count_obj2<_Ty>::_Ref_count_obj2<std::shared_ptr<Shaders>&,std::shared_ptr<Font>&,const char(&)[32],TEXT_COLOR,double>(std::shared_ptr<Shaders> &,std::shared_ptr<Font> &,const char (&)[32],TEXT_COLOR &&,double &&)' being compiled
          with
          [
              _Ty=Text
          ]
C:\Program Files (x86)\Microsoft Visual Studio\2019\Enterprise\VC\Tools\MSVC\14.25.28610\include\memory(1584): message : see reference to function template instantiation 'std::_Ref_count_obj2<_Ty>::_Ref_count_obj2<std::shared_ptr<Shaders>&,std::shared_ptr<Font>&,const char(&)[32],TEXT_COLOR,double>(std::shared_ptr<Shaders> &,std::shared_ptr<Font> &,const char (&)[32],TEXT_COLOR &&,double &&)' being compiled
          with
          [
              _Ty=Text
          ]
D:\Tài liệu\Đại học\20192\Thực tập Gameloft\Programming_anim\TrainingFramework\src\GameStates\GSCredit.cpp(52): message : see reference to function template instantiation 'std::shared_ptr<Text> std::make_shared<Text,std::shared_ptr<Shaders>&,std::shared_ptr<Font>&,const char(&)[32],TEXT_COLOR,double>(std::shared_ptr<Shaders> &,std::shared_ptr<Font> &,const char (&)[32],TEXT_COLOR &&,double &&)' being compiled
  GameStateMachine.cpp
  GameStatebase.cpp
  Texture.cpp
  Text.cpp
D:\Tài liệu\Đại học\20192\Thực tập Gameloft\Programming_anim\TrainingFramework\src\GameObject\Text.cpp(24,11): warning C4244: 'initializing': conversion from 'double' to 'float', possible loss of data
D:\Tài liệu\Đại học\20192\Thực tập Gameloft\Programming_anim\TrainingFramework\src\GameObject\Text.cpp(25,11): warning C4244: 'initializing': conversion from 'double' to 'float', possible loss of data
D:\Tài liệu\Đại học\20192\Thực tập Gameloft\Programming_anim\TrainingFramework\src\GameObject\Text.cpp(171,11): warning C4244: 'initializing': conversion from 'double' to 'float', possible loss of data
D:\Tài liệu\Đại học\20192\Thực tập Gameloft\Programming_anim\TrainingFramework\src\GameObject\Text.cpp(172,11): warning C4244: 'initializing': conversion from 'double' to 'float', possible loss of data
D:\Tài liệu\Đại học\20192\Thực tập Gameloft\Programming_anim\TrainingFramework\src\GameObject\Text.cpp(182,11): warning C4244: 'initializing': conversion from 'double' to 'float', possible loss of data
D:\Tài liệu\Đại học\20192\Thực tập Gameloft\Programming_anim\TrainingFramework\src\GameObject\Text.cpp(183,11): warning C4244: 'initializing': conversion from 'double' to 'float', possible loss of data
  SpriteAnimation.cpp
D:\Tài liệu\Đại học\20192\Thực tập Gameloft\Programming_anim\TrainingFramework\src\GameObject\SpriteAnimation.cpp(105,39): warning C4244: 'argument': conversion from 'GLint' to 'GLfloat', possible loss of data
D:\Tài liệu\Đại học\20192\Thực tập Gameloft\Programming_anim\TrainingFramework\src\GameObject\SpriteAnimation.cpp(110,39): warning C4244: 'argument': conversion from 'GLint' to 'GLfloat', possible loss of data
D:\Tài liệu\Đại học\20192\Thực tập Gameloft\Programming_anim\TrainingFramework\src\GameObject\SpriteAnimation.cpp(138,11): warning C4244: 'initializing': conversion from 'double' to 'float', possible loss of data
D:\Tài liệu\Đại học\20192\Thực tập Gameloft\Programming_anim\TrainingFramework\src\GameObject\SpriteAnimation.cpp(139,11): warning C4244: 'initializing': conversion from 'double' to 'float', possible loss of data
D:\Tài liệu\Đại học\20192\Thực tập Gameloft\Programming_anim\TrainingFramework\src\GameObject\SpriteAnimation.cpp(149,11): warning C4244: 'initializing': conversion from 'double' to 'float', possible loss of data
D:\Tài liệu\Đại học\20192\Thực tập Gameloft\Programming_anim\TrainingFramework\src\GameObject\SpriteAnimation.cpp(150,11): warning C4244: 'initializing': conversion from 'double' to 'float', possible loss of data
  Shaders.cpp
D:\Tài liệu\Đại học\20192\Thực tập Gameloft\Programming_anim\TrainingFramework\src\GameObject\Shaders.cpp(21,2): warning C4477: 'printf' : format string '%s' requires an argument of type 'char *', but variadic argument 1 has type 'const std::string'
D:\Tài liệu\Đại học\20192\Thực tập Gameloft\Programming_anim\TrainingFramework\src\GameObject\Shaders.cpp(21,2): warning C4477: 'printf' : format string '%s' requires an argument of type 'char *', but variadic argument 2 has type 'const std::string'
D:\Tài liệu\Đại học\20192\Thực tập Gameloft\Programming_anim\TrainingFramework\src\GameObject\Shaders.cpp(25,3): warning C4477: 'printf' : format string '%s' requires an argument of type 'char *', but variadic argument 1 has type 'const std::string'
D:\Tài liệu\Đại học\20192\Thực tập Gameloft\Programming_anim\TrainingFramework\src\GameObject\Shaders.cpp(32,3): warning C4477: 'printf' : format string '%s' requires an argument of type 'char *', but variadic argument 1 has type 'const std::string'
D:\Tài liệu\Đại học\20192\Thực tập Gameloft\Programming_anim\TrainingFramework\src\GameObject\Shaders.cpp(44,2): warning C4477: 'printf' : format string '%s' requires an argument of type 'char *', but variadic argument 1 has type 'const std::string'
D:\Tài liệu\Đại học\20192\Thực tập Gameloft\Programming_anim\TrainingFramework\src\GameObject\Shaders.cpp(44,2): warning C4477: 'printf' : format string '%s' requires an argument of type 'char *', but variadic argument 2 has type 'const std::string'
  Models.cpp
D:\Tài liệu\Đại học\20192\Thực tập Gameloft\Programming_anim\TrainingFramework\src\GameObject\Models.cpp(10,3): warning C4477: 'printf' : format string '%s' requires an argument of type 'char *', but variadic argument 1 has type 'const std::string'
D:\Tài liệu\Đại học\20192\Thực tập Gameloft\Programming_anim\TrainingFramework\src\GameObject\Models.cpp(13,2): warning C4477: 'printf' : format string '%s' requires an argument of type 'char *', but variadic argument 1 has type 'const std::string'
D:\Tài liệu\Đại học\20192\Thực tập Gameloft\Programming_anim\TrainingFramework\src\GameObject\Models.cpp(25,18): warning C4244: 'initializing': conversion from 'std::streamoff' to 'size_t', possible loss of data
D:\Tài liệu\Đại học\20192\Thực tập Gameloft\Programming_anim\TrainingFramework\src\GameObject\Models.cpp(28,12): warning C4566: character represented by universal-character-name '\u1EC7' cannot be represented in the current code page (1252)
D:\Tài liệu\Đại học\20192\Thực tập Gameloft\Programming_anim\TrainingFramework\src\GameObject\Models.cpp(28,12): warning C4566: character represented by universal-character-name '\u0110' cannot be represented in the current code page (1252)
D:\Tài liệu\Đại học\20192\Thực tập Gameloft\Programming_anim\TrainingFramework\src\GameObject\Models.cpp(28,12): warning C4566: character represented by universal-character-name '\u1EA1' cannot be represented in the current code page (1252)
D:\Tài liệu\Đại học\20192\Thực tập Gameloft\Programming_anim\TrainingFramework\src\GameObject\Models.cpp(28,12): warning C4566: character represented by universal-character-name '\u1ECD' cannot be represented in the current code page (1252)
D:\Tài liệu\Đại học\20192\Thực tập Gameloft\Programming_anim\TrainingFramework\src\GameObject\Models.cpp(28,12): warning C4566: character represented by universal-character-name '\u1EF1' cannot be represented in the current code page (1252)
D:\Tài liệu\Đại học\20192\Thực tập Gameloft\Programming_anim\TrainingFramework\src\GameObject\Models.cpp(28,12): warning C4566: character represented by universal-character-name '\u1EAD' cannot be represented in the current code page (1252)
D:\Tài liệu\Đại học\20192\Thực tập Gameloft\Programming_anim\TrainingFramework\src\GameObject\Models.cpp(36,18): warning C4566: character represented by universal-character-name '\u1EC7' cannot be represented in the current code page (1252)
D:\Tài liệu\Đại học\20192\Thực tập Gameloft\Programming_anim\TrainingFramework\src\GameObject\Models.cpp(36,18): warning C4566: character represented by universal-character-name '\u0110' cannot be represented in the current code page (1252)
D:\Tài liệu\Đại học\20192\Thực tập Gameloft\Programming_anim\TrainingFramework\src\GameObject\Models.cpp(36,18): warning C4566: character represented by universal-character-name '\u1EA1' cannot be represented in the current code page (1252)
D:\Tài liệu\Đại học\20192\Thực tập Gameloft\Programming_anim\TrainingFramework\src\GameObject\Models.cpp(36,18): warning C4566: character represented by universal-character-name '\u1ECD' cannot be represented in the current code page (1252)
D:\Tài liệu\Đại học\20192\Thực tập Gameloft\Programming_anim\TrainingFramework\src\GameObject\Models.cpp(36,18): warning C4566: character represented by universal-character-name '\u1EF1' cannot be represented in the current code page (1252)
D:\Tài liệu\Đại học\20192\Thực tập Gameloft\Programming_anim\TrainingFramework\src\GameObject\Models.cpp(36,18): warning C4566: character represented by universal-character-name '\u1EAD' cannot be represented in the current code page (1252)
D:\Tài liệu\Đại học\20192\Thực tập Gameloft\Programming_anim\TrainingFramework\src\GameObject\Models.cpp(63,13): warning C4566: character represented by universal-character-name '\u1EC7' cannot be represented in the current code page (1252)
D:\Tài liệu\Đại học\20192\Thực tập Gameloft\Programming_anim\TrainingFramework\src\GameObject\Models.cpp(63,13): warning C4566: character represented by universal-character-name '\u0110' cannot be represented in the current code page (1252)
D:\Tài liệu\Đại học\20192\Thực tập Gameloft\Programming_anim\TrainingFramework\src\GameObject\Models.cpp(63,13): warning C4566: character represented by universal-character-name '\u1EA1' cannot be represented in the current code page (1252)
D:\Tài liệu\Đại học\20192\Thực tập Gameloft\Programming_anim\TrainingFramework\src\GameObject\Models.cpp(63,13): warning C4566: character represented by universal-character-name '\u1ECD' cannot be represented in the current code page (1252)
D:\Tài liệu\Đại học\20192\Thực tập Gameloft\Programming_anim\TrainingFramework\src\GameObject\Models.cpp(63,13): warning C4566: character represented by universal-character-name '\u1EF1' cannot be represented in the current code page (1252)
D:\Tài liệu\Đại học\20192\Thực tập Gameloft\Programming_anim\TrainingFramework\src\GameObject\Models.cpp(63,13): warning C4566: character represented by universal-character-name '\u1EAD' cannot be represented in the current code page (1252)
D:\Tài liệu\Đại học\20192\Thực tập Gameloft\Programming_anim\TrainingFramework\src\GameObject\Models.cpp(35,12): warning C4996: 'sscanf': This function or variable may be unsafe. Consider using sscanf_s instead. To disable deprecation, use _CRT_SECURE_NO_WARNINGS. See online help for details.
D:\Tài liệu\Đại học\20192\Thực tập Gameloft\Programming_anim\TrainingFramework\src\GameObject\Models.cpp(40,9): warning C4996: 'sscanf': This function or variable may be unsafe. Consider using sscanf_s instead. To disable deprecation, use _CRT_SECURE_NO_WARNINGS. See online help for details.
D:\Tài liệu\Đại học\20192\Thực tập Gameloft\Programming_anim\TrainingFramework\src\GameObject\Models.cpp(62,8): warning C4996: 'sscanf': This function or variable may be unsafe. Consider using sscanf_s instead. To disable deprecation, use _CRT_SECURE_NO_WARNINGS. See online help for details.
D:\Tài liệu\Đại học\20192\Thực tập Gameloft\Programming_anim\TrainingFramework\src\GameObject\Models.cpp(68,9): warning C4996: 'sscanf': This function or variable may be unsafe. Consider using sscanf_s instead. To disable deprecation, use _CRT_SECURE_NO_WARNINGS. See online help for details.
  Sprite3D.cpp
  Camera.cpp
  Sprite2D.cpp
D:\Tài liệu\Đại học\20192\Thực tập Gameloft\Programming_anim\TrainingFramework\src\GameObject\Sprite2D.cpp(143,11): warning C4244: 'initializing': conversion from 'double' to 'float', possible loss of data
D:\Tài liệu\Đại học\20192\Thực tập Gameloft\Programming_anim\TrainingFramework\src\GameObject\Sprite2D.cpp(144,11): warning C4244: 'initializing': conversion from 'double' to 'float', possible loss of data
D:\Tài liệu\Đại học\20192\Thực tập Gameloft\Programming_anim\TrainingFramework\src\GameObject\Sprite2D.cpp(154,11): warning C4244: 'initializing': conversion from 'double' to 'float', possible loss of data
D:\Tài liệu\Đại học\20192\Thực tập Gameloft\Programming_anim\TrainingFramework\src\GameObject\Sprite2D.cpp(155,11): warning C4244: 'initializing': conversion from 'double' to 'float', possible loss of data
  GameButton.cpp
  Font.cpp
  ResourceManagers.cpp
  Application.cpp
  Generating Code...
Application.obj : warning LNK4075: ignoring '/EDITANDCONTINUE' due to '/SAFESEH' specification
Font.obj : error LNK2019: unresolved external symbol _FT_Init_FreeType referenced in function "public: bool __thiscall Font::initWithFiles(class std::basic_string<char,struct std::char_traits<char>,class std::allocator<char> > const &)" (?initWithFiles@Font@@QAE_NABV?$basic_string@DU?$char_traits@D@std@@V?$allocator@D@2@@std@@@Z)
Font.obj : error LNK2019: unresolved external symbol _FT_New_Face referenced in function "public: bool __thiscall Font::initWithFiles(class std::basic_string<char,struct std::char_traits<char>,class std::allocator<char> > const &)" (?initWithFiles@Font@@QAE_NABV?$basic_string@DU?$char_traits@D@std@@V?$allocator@D@2@@std@@@Z)
Font.obj : error LNK2019: unresolved external symbol _FT_Set_Pixel_Sizes referenced in function "public: bool __thiscall Font::initWithFiles(class std::basic_string<char,struct std::char_traits<char>,class std::allocator<char> > const &)" (?initWithFiles@Font@@QAE_NABV?$basic_string@DU?$char_traits@D@std@@V?$allocator@D@2@@std@@@Z)
Text.obj : error LNK2019: unresolved external symbol _FT_Load_Char referenced in function "public: virtual void __thiscall Text::Draw(void)" (?Draw@Text@@UAEXXZ)
MSVCRTD.lib(exe_winmain.obj) : error LNK2019: unresolved external symbol _WinMain@16 referenced in function "int __cdecl invoke_main(void)" (?invoke_main@@YAHXZ)
D:\Tài liệu\Đại học\20192\Thực tập Gameloft\Programming_anim\freetype\objs\vc2010\x64\freetype254MTd.lib : warning LNK4272: library machine type 'x64' conflicts with target machine type 'x86'
D:\Tài liệu\Đại học\20192\Thực tập Gameloft\Programming_anim\\BIN-AMD\TrainingFramework.exe : fatal error LNK1120: 5 unresolved externals
