cl : command line warning D9002: ignoring unknown option '/arch:SSE2'
cl : command line warning D9002: ignoring unknown option '/arch:SSE2'
  autofit.c
cl : command line warning D9002: ignoring unknown option '/arch:SSE2'
  ftbitmap.c
cl : command line warning D9002: ignoring unknown option '/arch:SSE2'
  ftfstype.c
cl : command line warning D9002: ignoring unknown option '/arch:SSE2'
  ftgasp.c
cl : command line warning D9002: ignoring unknown option '/arch:SSE2'
  ftstroke.c
cl : command line warning D9002: ignoring unknown option '/arch:SSE2'
cl : command line warning D9002: ignoring unknown option '/arch:SSE2'
  ftbbox.c
cl : command line warning D9002: ignoring unknown option '/arch:SSE2'
  ftpfr.c
  ftsynth.c
cl : command line warning D9002: ignoring unknown option '/arch:SSE2'
  fttype1.c
cl : command line warning D9002: ignoring unknown option '/arch:SSE2'
  ftwinfnt.c
cl : command line warning D9002: ignoring unknown option '/arch:SSE2'
  ftxf86.c
cl : command line warning D9002: ignoring unknown option '/arch:SSE2'
  ftlcdfil.c
  ftgxval.c
  ftotval.c
  ftpatent.c
cl : command line warning D9002: ignoring unknown option '/arch:SSE2'
cl : command line warning D9002: ignoring unknown option '/arch:SSE2'
  bdf.c
cl : command line warning D9002: ignoring unknown option '/arch:SSE2'
  cff.c
cl : command line warning D9002: ignoring unknown option '/arch:SSE2'
  ftbase.c
cl : command line warning D9002: ignoring unknown option '/arch:SSE2'
  ftcache.c
cl : command line warning D9002: ignoring unknown option '/arch:SSE2'
  ftglyph.c
cl : command line warning D9002: ignoring unknown option '/arch:SSE2'
  ftgzip.c
cl : command line warning D9002: ignoring unknown option '/arch:SSE2'
  ftinit.c
cl : command line warning D9002: ignoring unknown option '/arch:SSE2'
  ftlzw.c
cl : command line warning D9002: ignoring unknown option '/arch:SSE2'
  ftsystem.c
cl : command line warning D9002: ignoring unknown option '/arch:SSE2'
  smooth.c
cl : command line warning D9002: ignoring unknown option '/arch:SSE2'
  ftmm.c
cl : command line warning D9002: ignoring unknown option '/arch:SSE2'
  pcf.c
  pfr.c
  psaux.c
  pshinter.c
  psmodule.c
  raster.c
  sfnt.c
  truetype.c
  type1.c
  type1cid.c
  type42.c
  winfnt.c
cl : command line warning D9002: ignoring unknown option '/arch:SSE2'
  ftdebug.c
  freetype.vcxproj -> D:\Tài liệu\Đại học\20192\Thực tập Gameloft\Programming_anim\freetype\builds\windows\vc2019\.\..\..\..\objs\vc2010\x64\freetype254MT.lib
