d:\tài liệu\đại học\20192\thực tập gameloft\programming_anim\trainingframework\debug-amd\vc142.pdb
d:\tài liệu\đại học\20192\thực tập gameloft\programming_anim\trainingframework\debug-amd\vc142.idb
d:\tài liệu\đại học\20192\thực tập gameloft\programming_anim\trainingframework\debug-amd\application.obj
d:\tài liệu\đại học\20192\thực tập gameloft\programming_anim\trainingframework\debug-amd\resourcemanagers.obj
d:\tài liệu\đại học\20192\thực tập gameloft\programming_anim\trainingframework\debug-amd\font.obj
d:\tài liệu\đại học\20192\thực tập gameloft\programming_anim\trainingframework\debug-amd\gamebutton.obj
d:\tài liệu\đại học\20192\thực tập gameloft\programming_anim\trainingframework\debug-amd\sprite2d.obj
d:\tài liệu\đại học\20192\thực tập gameloft\programming_anim\trainingframework\debug-amd\camera.obj
d:\tài liệu\đại học\20192\thực tập gameloft\programming_anim\trainingframework\debug-amd\sprite3d.obj
d:\tài liệu\đại học\20192\thực tập gameloft\programming_anim\trainingframework\debug-amd\models.obj
d:\tài liệu\đại học\20192\thực tập gameloft\programming_anim\trainingframework\debug-amd\shaders.obj
d:\tài liệu\đại học\20192\thực tập gameloft\programming_anim\trainingframework\debug-amd\spriteanimation.obj
d:\tài liệu\đại học\20192\thực tập gameloft\programming_anim\trainingframework\debug-amd\text.obj
d:\tài liệu\đại học\20192\thực tập gameloft\programming_anim\trainingframework\debug-amd\texture.obj
d:\tài liệu\đại học\20192\thực tập gameloft\programming_anim\trainingframework\debug-amd\gamestatebase.obj
d:\tài liệu\đại học\20192\thực tập gameloft\programming_anim\trainingframework\debug-amd\gamestatemachine.obj
d:\tài liệu\đại học\20192\thực tập gameloft\programming_anim\trainingframework\debug-amd\gsintro.obj
d:\tài liệu\đại học\20192\thực tập gameloft\programming_anim\trainingframework\debug-amd\gsmenu.obj
d:\tài liệu\đại học\20192\thực tập gameloft\programming_anim\trainingframework\debug-amd\gsplay.obj
d:\tài liệu\đại học\20192\thực tập gameloft\programming_anim\trainingframework\debug-amd\trainingframework.obj
d:\tài liệu\đại học\20192\thực tập gameloft\programming_anim\bin-amd\trainingframework.ilk
d:\tài liệu\đại học\20192\thực tập gameloft\programming_anim\bin-amd\trainingframework.exe
d:\tài liệu\đại học\20192\thực tập gameloft\programming_anim\bin-amd\trainingframework.pdb
d:\tài liệu\đại học\20192\thực tập gameloft\programming_anim\\bin-amd\trainingframework.pdb
d:\tài liệu\đại học\20192\thực tập gameloft\programming_anim\\bin-amd\trainingframework.exe
d:\tài liệu\đại học\20192\thực tập gameloft\programming_anim\\bin-amd\trainingframework.ilk
d:\tài liệu\đại học\20192\thực tập gameloft\programming_anim\trainingframework\debug-amd\training.fc024ec8.tlog\cl.command.1.tlog
d:\tài liệu\đại học\20192\thực tập gameloft\programming_anim\trainingframework\debug-amd\training.fc024ec8.tlog\cl.read.1.tlog
d:\tài liệu\đại học\20192\thực tập gameloft\programming_anim\trainingframework\debug-amd\training.fc024ec8.tlog\cl.write.1.tlog
d:\tài liệu\đại học\20192\thực tập gameloft\programming_anim\trainingframework\debug-amd\training.fc024ec8.tlog\link.command.1.tlog
d:\tài liệu\đại học\20192\thực tập gameloft\programming_anim\trainingframework\debug-amd\training.fc024ec8.tlog\link.read.1.tlog
d:\tài liệu\đại học\20192\thực tập gameloft\programming_anim\trainingframework\debug-amd\training.fc024ec8.tlog\link.write.1.tlog
