d:\tài liệu\đại học\20192\thực tập gameloft\programming_anim\trainingframework\debug-nvidia\vc142.pdb
d:\tài liệu\đại học\20192\thực tập gameloft\programming_anim\trainingframework\debug-nvidia\vc142.idb
d:\tài liệu\đại học\20192\thực tập gameloft\programming_anim\trainingframework\debug-nvidia\application.obj
d:\tài liệu\đại học\20192\thực tập gameloft\programming_anim\trainingframework\debug-nvidia\resourcemanagers.obj
d:\tài liệu\đại học\20192\thực tập gameloft\programming_anim\trainingframework\debug-nvidia\font.obj
d:\tài liệu\đại học\20192\thực tập gameloft\programming_anim\trainingframework\debug-nvidia\gamebutton.obj
d:\tài liệu\đại học\20192\thực tập gameloft\programming_anim\trainingframework\debug-nvidia\sprite2d.obj
d:\tài liệu\đại học\20192\thực tập gameloft\programming_anim\trainingframework\debug-nvidia\camera.obj
d:\tài liệu\đại học\20192\thực tập gameloft\programming_anim\trainingframework\debug-nvidia\sprite3d.obj
d:\tài liệu\đại học\20192\thực tập gameloft\programming_anim\trainingframework\debug-nvidia\models.obj
d:\tài liệu\đại học\20192\thực tập gameloft\programming_anim\trainingframework\debug-nvidia\shaders.obj
d:\tài liệu\đại học\20192\thực tập gameloft\programming_anim\trainingframework\debug-nvidia\spriteanimation.obj
d:\tài liệu\đại học\20192\thực tập gameloft\programming_anim\trainingframework\debug-nvidia\text.obj
d:\tài liệu\đại học\20192\thực tập gameloft\programming_anim\trainingframework\debug-nvidia\texture.obj
d:\tài liệu\đại học\20192\thực tập gameloft\programming_anim\trainingframework\debug-nvidia\gamestatebase.obj
d:\tài liệu\đại học\20192\thực tập gameloft\programming_anim\trainingframework\debug-nvidia\gamestatemachine.obj
d:\tài liệu\đại học\20192\thực tập gameloft\programming_anim\trainingframework\debug-nvidia\gscredit.obj
d:\tài liệu\đại học\20192\thực tập gameloft\programming_anim\trainingframework\debug-nvidia\gsintro.obj
d:\tài liệu\đại học\20192\thực tập gameloft\programming_anim\trainingframework\debug-nvidia\gsmenu.obj
d:\tài liệu\đại học\20192\thực tập gameloft\programming_anim\trainingframework\debug-nvidia\gsplay.obj
d:\tài liệu\đại học\20192\thực tập gameloft\programming_anim\trainingframework\debug-nvidia\trainingframework.obj
d:\tài liệu\đại học\20192\thực tập gameloft\programming_anim\trainingframework\debug-nvidia\fruit.obj
d:\tài liệu\đại học\20192\thực tập gameloft\programming_anim\trainingframework\debug-nvidia\snake.obj
d:\tài liệu\đại học\20192\thực tập gameloft\programming_anim\bin-nvidia\trainingframework.exe
d:\tài liệu\đại học\20192\thực tập gameloft\programming_anim\bin-nvidia\trainingframework.ilk
d:\tài liệu\đại học\20192\thực tập gameloft\programming_anim\bin-nvidia\trainingframework.pdb
d:\tài liệu\đại học\20192\thực tập gameloft\programming_anim\\bin-nvidia\trainingframework.pdb
d:\tài liệu\đại học\20192\thực tập gameloft\programming_anim\trainingframework\debug-nvidia\training.fc024ec8.tlog\cl.command.1.tlog
d:\tài liệu\đại học\20192\thực tập gameloft\programming_anim\trainingframework\debug-nvidia\training.fc024ec8.tlog\cl.read.1.tlog
d:\tài liệu\đại học\20192\thực tập gameloft\programming_anim\trainingframework\debug-nvidia\training.fc024ec8.tlog\cl.write.1.tlog
d:\tài liệu\đại học\20192\thực tập gameloft\programming_anim\trainingframework\debug-nvidia\training.fc024ec8.tlog\link.21272-cvtres.read.1.tlog
d:\tài liệu\đại học\20192\thực tập gameloft\programming_anim\trainingframework\debug-nvidia\training.fc024ec8.tlog\link.21272-cvtres.write.1.tlog
d:\tài liệu\đại học\20192\thực tập gameloft\programming_anim\trainingframework\debug-nvidia\training.fc024ec8.tlog\link.21272-rc.read.1.tlog
d:\tài liệu\đại học\20192\thực tập gameloft\programming_anim\trainingframework\debug-nvidia\training.fc024ec8.tlog\link.21272-rc.write.1.tlog
d:\tài liệu\đại học\20192\thực tập gameloft\programming_anim\trainingframework\debug-nvidia\training.fc024ec8.tlog\link.21272.read.1.tlog
d:\tài liệu\đại học\20192\thực tập gameloft\programming_anim\trainingframework\debug-nvidia\training.fc024ec8.tlog\link.21272.write.1.tlog
d:\tài liệu\đại học\20192\thực tập gameloft\programming_anim\trainingframework\debug-nvidia\training.fc024ec8.tlog\link.command.1.tlog
d:\tài liệu\đại học\20192\thực tập gameloft\programming_anim\trainingframework\debug-nvidia\training.fc024ec8.tlog\link.read.1.tlog
d:\tài liệu\đại học\20192\thực tập gameloft\programming_anim\trainingframework\debug-nvidia\training.fc024ec8.tlog\link.write.1.tlog
